Using pre-set license
Built from '2020.3/staging' branch; Version is '2020.3.3f1 (76626098c1c4) revision 7758432'; Using compiler version '192528614'; Build Type 'Release'
OS: 'Windows 10 Home; OS build 19042.1320; Version 2009; 64bit' Language: 'ja' Physical Memory: 32700 MB
BatchMode: 1, IsHumanControllingUs: 0, StartBugReporterOnCrash: 0, Is64bit: 1, IsPro: 0

 COMMAND LINE ARGUMENTS:
C:\Program Files\Unity\Hub\Editor\2020.3.3f1\Editor\Unity.exe
-adb2
-batchMode
-noUpm
-name
AssetImportWorker0
-projectPath
D:/Documents/UNITY/220120_PaperAirplane
-logFile
Logs/AssetImportWorker0.log
-srvPort
57326
Successfully changed project path to: D:/Documents/UNITY/220120_PaperAirplane
D:/Documents/UNITY/220120_PaperAirplane
Using Asset Import Pipeline V2.
Refreshing native plugins compatible for Editor in 31.97 ms, found 1 plugins.
Preloading 0 native plugins for Editor in 0.00 ms.
Initialize engine version: 2020.3.3f1 (76626098c1c4)
[Subsystems] Discovering subsystems at path C:/Program Files/Unity/Hub/Editor/2020.3.3f1/Editor/Data/Resources/UnitySubsystems
[Subsystems] Discovering subsystems at path D:/Documents/UNITY/220120_PaperAirplane/Assets
GfxDevice: creating device client; threaded=0
Direct3D:
    Version:  Direct3D 11.0 [level 11.1]
    Renderer: NVIDIA GeForce RTX 2070 SUPER (ID=0x1e84)
    Vendor:   
    VRAM:     8011 MB
    Driver:   27.21.14.5751
Initialize mono
Mono path[0] = 'C:/Program Files/Unity/Hub/Editor/2020.3.3f1/Editor/Data/Managed'
Mono path[1] = 'C:/Program Files/Unity/Hub/Editor/2020.3.3f1/Editor/Data/MonoBleedingEdge/lib/mono/unityjit'
Mono config path = 'C:/Program Files/Unity/Hub/Editor/2020.3.3f1/Editor/Data/MonoBleedingEdge/etc'
Using monoOptions --debugger-agent=transport=dt_socket,embedding=1,server=y,suspend=n,address=127.0.0.1:56136
Begin MonoManager ReloadAssembly
Registering precompiled unity dll's ...
Register platform support module: C:/Program Files/Unity/Hub/Editor/2020.3.3f1/Editor/Data/PlaybackEngines/WebGLSupport/UnityEditor.WebGL.Extensions.dll
Register platform support module: C:/Program Files/Unity/Hub/Editor/2020.3.3f1/Editor/Data/PlaybackEngines/WindowsStandaloneSupport/UnityEditor.WindowsStandalone.Extensions.dll
Registered in 0.002568 seconds.
Native extension for WindowsStandalone target not found
Native extension for WebGL target not found
Refreshing native plugins compatible for Editor in 31.92 ms, found 1 plugins.
Preloading 0 native plugins for Editor in 0.00 ms.
Invoked RoslynAnalysisRunner static constructor.
RoslynAnalysisRunner will not be running.
RoslynAnalysisRunner has terminated.
Mono: successfully reloaded assembly
- Completed reload, in  1.526 seconds
Platform modules already initialized, skipping
Registering precompiled user dll's ...
Registered in 0.001911 seconds.
Begin MonoManager ReloadAssembly
Native extension for WindowsStandalone target not found
Native extension for WebGL target not found
Refreshing native plugins compatible for Editor in 31.12 ms, found 1 plugins.
Preloading 0 native plugins for Editor in 0.00 ms.
Invoked RoslynAnalysisRunner static constructor.
RoslynAnalysisRunner will not be running.
RoslynAnalysisRunner has terminated.
Mono: successfully reloaded assembly
- Completed reload, in  0.748 seconds
Platform modules already initialized, skipping
========================================================================
Worker process is ready to serve import requests
Launched and connected shader compiler UnityShaderCompiler.exe after 0.04 seconds
Refreshing native plugins compatible for Editor in 0.40 ms, found 1 plugins.
Preloading 0 native plugins for Editor in 0.00 ms.
Unloading 1830 Unused Serialized files (Serialized files now loaded: 0)
System memory in use before: 88.3 MB.
System memory in use after: 88.3 MB.

Unloading 26 unused Assets to reduce memory usage. Loaded Objects now: 2277.
Total: 2.177700 ms (FindLiveObjects: 0.219000 ms CreateObjectMapping: 0.050300 ms MarkObjects: 1.782900 ms  DeleteObjects: 0.124300 ms)

========================================================================
Received Import Request.
  path: Assets/Scenes/Title.unity
  artifactKey: Guid(2cda990e2423bbf4892e6590ba056729) Importer(815301076,1909f56bfc062723c751e8b465ee728b)
Start importing Assets/Scenes/Title.unity using Guid(2cda990e2423bbf4892e6590ba056729) Importer(815301076,1909f56bfc062723c751e8b465ee728b)  -> (artifact id: '39ceba07de959d1ab5b706f9378aa3cd') in 0.011888 seconds
  Import took 0.014720 seconds .

========================================================================
Received Import Request.
  Time since last request: 0.005585 seconds.
  path: Assets/Scenes/Title.unity
  artifactKey: Guid(2cda990e2423bbf4892e6590ba056729) Importer(815301076,1909f56bfc062723c751e8b465ee728b)
Start importing Assets/Scenes/Title.unity using Guid(2cda990e2423bbf4892e6590ba056729) Importer(815301076,1909f56bfc062723c751e8b465ee728b)  -> (artifact id: '39ceba07de959d1ab5b706f9378aa3cd') in 0.002935 seconds
  Import took 0.005622 seconds .

========================================================================
Received Prepare
Registering precompiled user dll's ...
Registered in 0.002041 seconds.
Begin MonoManager ReloadAssembly
Native extension for WindowsStandalone target not found
Native extension for WebGL target not found
Refreshing native plugins compatible for Editor in 0.42 ms, found 1 plugins.
Preloading 0 native plugins for Editor in 0.00 ms.
Invoked RoslynAnalysisRunner static constructor.
RoslynAnalysisRunner will not be running.
RoslynAnalysisRunner has terminated.
Mono: successfully reloaded assembly
- Completed reload, in  0.688 seconds
Platform modules already initialized, skipping
Refreshing native plugins compatible for Editor in 0.38 ms, found 1 plugins.
Preloading 0 native plugins for Editor in 0.00 ms.
Unloading 1825 Unused Serialized files (Serialized files now loaded: 0)
System memory in use before: 88.3 MB.
System memory in use after: 88.3 MB.

Unloading 14 unused Assets to reduce memory usage. Loaded Objects now: 2281.
Total: 1.970200 ms (FindLiveObjects: 0.192300 ms CreateObjectMapping: 0.041800 ms MarkObjects: 1.641100 ms  DeleteObjects: 0.093800 ms)

========================================================================
Received Prepare
Registering precompiled user dll's ...
Registered in 0.002052 seconds.
Begin MonoManager ReloadAssembly
Native extension for WindowsStandalone target not found
Native extension for WebGL target not found
Refreshing native plugins compatible for Editor in 0.39 ms, found 1 plugins.
Preloading 0 native plugins for Editor in 0.00 ms.
Invoked RoslynAnalysisRunner static constructor.
RoslynAnalysisRunner will not be running.
RoslynAnalysisRunner has terminated.
Mono: successfully reloaded assembly
- Completed reload, in  0.677 seconds
Platform modules already initialized, skipping
Refreshing native plugins compatible for Editor in 0.36 ms, found 1 plugins.
Preloading 0 native plugins for Editor in 0.00 ms.
Unloading 1825 Unused Serialized files (Serialized files now loaded: 0)
System memory in use before: 88.3 MB.
System memory in use after: 88.3 MB.

Unloading 14 unused Assets to reduce memory usage. Loaded Objects now: 2285.
Total: 1.762400 ms (FindLiveObjects: 0.208900 ms CreateObjectMapping: 0.040000 ms MarkObjects: 1.418900 ms  DeleteObjects: 0.093700 ms)

========================================================================
Received Import Request.
  Time since last request: 17.205134 seconds.
  path: Assets/Scenes/BaseScene.unity
  artifactKey: Guid(88ab0167b9e5b32448185fa21b3ca07b) Importer(815301076,1909f56bfc062723c751e8b465ee728b)
Start importing Assets/Scenes/BaseScene.unity using Guid(88ab0167b9e5b32448185fa21b3ca07b) Importer(815301076,1909f56bfc062723c751e8b465ee728b)  -> (artifact id: '4f66f65ce92590aaac5ca4a48a1efbbe') in 0.010970 seconds
  Import took 0.013878 seconds .

========================================================================
Received Import Request.
  Time since last request: 2.214764 seconds.
  path: Assets/Scenes/Stage3.unity
  artifactKey: Guid(e3493b299aee6bb4894f767b2a8811de) Importer(815301076,1909f56bfc062723c751e8b465ee728b)
Start importing Assets/Scenes/Stage3.unity using Guid(e3493b299aee6bb4894f767b2a8811de) Importer(815301076,1909f56bfc062723c751e8b465ee728b)  -> (artifact id: '0e19c6f49e5f4517ed44c66cb3dc0ecf') in 0.002949 seconds
  Import took 0.005642 seconds .

========================================================================
Received Prepare
Registering precompiled user dll's ...
Registered in 0.002072 seconds.
Begin MonoManager ReloadAssembly
Native extension for WindowsStandalone target not found
Native extension for WebGL target not found
Refreshing native plugins compatible for Editor in 0.39 ms, found 1 plugins.
Preloading 0 native plugins for Editor in 0.00 ms.
Invoked RoslynAnalysisRunner static constructor.
RoslynAnalysisRunner will not be running.
RoslynAnalysisRunner has terminated.
Mono: successfully reloaded assembly
- Completed reload, in  0.667 seconds
Platform modules already initialized, skipping
Refreshing native plugins compatible for Editor in 0.38 ms, found 1 plugins.
Preloading 0 native plugins for Editor in 0.00 ms.
Unloading 1825 Unused Serialized files (Serialized files now loaded: 0)
System memory in use before: 88.4 MB.
System memory in use after: 88.3 MB.

Unloading 14 unused Assets to reduce memory usage. Loaded Objects now: 2289.
Total: 2.071900 ms (FindLiveObjects: 0.201300 ms CreateObjectMapping: 0.040000 ms MarkObjects: 1.728100 ms  DeleteObjects: 0.101500 ms)

========================================================================
Received Import Request.
  Time since last request: 14.033065 seconds.
  path: Assets/Scenes/Stage3.unity
  artifactKey: Guid(e3493b299aee6bb4894f767b2a8811de) Importer(815301076,1909f56bfc062723c751e8b465ee728b)
Start importing Assets/Scenes/Stage3.unity using Guid(e3493b299aee6bb4894f767b2a8811de) Importer(815301076,1909f56bfc062723c751e8b465ee728b)  -> (artifact id: '196c6da242a9638d5252046d1d4db710') in 0.010767 seconds
  Import took 0.013678 seconds .

========================================================================
Received Prepare
Registering precompiled user dll's ...
Registered in 0.002179 seconds.
Begin MonoManager ReloadAssembly
Native extension for WindowsStandalone target not found
Native extension for WebGL target not found
Refreshing native plugins compatible for Editor in 0.40 ms, found 1 plugins.
Preloading 0 native plugins for Editor in 0.00 ms.
Invoked RoslynAnalysisRunner static constructor.
RoslynAnalysisRunner will not be running.
RoslynAnalysisRunner has terminated.
Mono: successfully reloaded assembly
- Completed reload, in  0.689 seconds
Platform modules already initialized, skipping
Refreshing native plugins compatible for Editor in 0.37 ms, found 1 plugins.
Preloading 0 native plugins for Editor in 0.00 ms.
Unloading 1825 Unused Serialized files (Serialized files now loaded: 0)
System memory in use before: 88.4 MB.
System memory in use after: 88.3 MB.

Unloading 14 unused Assets to reduce memory usage. Loaded Objects now: 2293.
Total: 2.074000 ms (FindLiveObjects: 0.201800 ms CreateObjectMapping: 0.048000 ms MarkObjects: 1.725200 ms  DeleteObjects: 0.098200 ms)

========================================================================
Received Import Request.
  Time since last request: 155.059227 seconds.
  path: Assets/Scripts/TouchOperation.cs
  artifactKey: Guid(07666f53d5f45bc4f8b9b47e962e02cb) Importer(815301076,1909f56bfc062723c751e8b465ee728b)
Start importing Assets/Scripts/TouchOperation.cs using Guid(07666f53d5f45bc4f8b9b47e962e02cb) Importer(815301076,1909f56bfc062723c751e8b465ee728b)  -> (artifact id: '7da57f5820934c3684e2a6d98aa2b75b') in 0.028227 seconds
  Import took 0.030652 seconds .

========================================================================
Received Prepare
Registering precompiled user dll's ...
Registered in 0.002331 seconds.
Begin MonoManager ReloadAssembly
Native extension for WindowsStandalone target not found
Native extension for WebGL target not found
Refreshing native plugins compatible for Editor in 0.38 ms, found 1 plugins.
Preloading 0 native plugins for Editor in 0.00 ms.
Invoked RoslynAnalysisRunner static constructor.
RoslynAnalysisRunner will not be running.
RoslynAnalysisRunner has terminated.
Mono: successfully reloaded assembly
- Completed reload, in  0.676 seconds
Platform modules already initialized, skipping
Refreshing native plugins compatible for Editor in 0.37 ms, found 1 plugins.
Preloading 0 native plugins for Editor in 0.00 ms.
Unloading 1825 Unused Serialized files (Serialized files now loaded: 0)
System memory in use before: 88.4 MB.
System memory in use after: 88.4 MB.

Unloading 14 unused Assets to reduce memory usage. Loaded Objects now: 2297.
Total: 1.997500 ms (FindLiveObjects: 0.239900 ms CreateObjectMapping: 0.048400 ms MarkObjects: 1.596900 ms  DeleteObjects: 0.111000 ms)

========================================================================
Received Import Request.
  Time since last request: 42.565435 seconds.
  path: Assets/Scripts/PlayerController.cs
  artifactKey: Guid(3e468b68f424ca94f855edb7795044f4) Importer(815301076,1909f56bfc062723c751e8b465ee728b)
Start importing Assets/Scripts/PlayerController.cs using Guid(3e468b68f424ca94f855edb7795044f4) Importer(815301076,1909f56bfc062723c751e8b465ee728b)  -> (artifact id: 'e15f63ce7d41604578e8137c3eeac341') in 0.004993 seconds
  Import took 0.007412 seconds .

========================================================================
Received Prepare
Registering precompiled user dll's ...
Registered in 0.002102 seconds.
Begin MonoManager ReloadAssembly
Native extension for WindowsStandalone target not found
Native extension for WebGL target not found
Refreshing native plugins compatible for Editor in 0.40 ms, found 1 plugins.
Preloading 0 native plugins for Editor in 0.00 ms.
Invoked RoslynAnalysisRunner static constructor.
RoslynAnalysisRunner will not be running.
RoslynAnalysisRunner has terminated.
Mono: successfully reloaded assembly
- Completed reload, in  0.654 seconds
Platform modules already initialized, skipping
Refreshing native plugins compatible for Editor in 0.34 ms, found 1 plugins.
Preloading 0 native plugins for Editor in 0.00 ms.
Unloading 1825 Unused Serialized files (Serialized files now loaded: 0)
System memory in use before: 88.4 MB.
System memory in use after: 88.4 MB.

Unloading 14 unused Assets to reduce memory usage. Loaded Objects now: 2301.
Total: 2.073200 ms (FindLiveObjects: 0.211400 ms CreateObjectMapping: 0.048500 ms MarkObjects: 1.711800 ms  DeleteObjects: 0.100500 ms)

========================================================================
Received Prepare
Registering precompiled user dll's ...
Registered in 0.001928 seconds.
Begin MonoManager ReloadAssembly
Native extension for WindowsStandalone target not found
Native extension for WebGL target not found
Refreshing native plugins compatible for Editor in 0.40 ms, found 1 plugins.
Preloading 0 native plugins for Editor in 0.00 ms.
Invoked RoslynAnalysisRunner static constructor.
RoslynAnalysisRunner will not be running.
RoslynAnalysisRunner has terminated.
Mono: successfully reloaded assembly
- Completed reload, in  0.669 seconds
Platform modules already initialized, skipping
Refreshing native plugins compatible for Editor in 0.36 ms, found 1 plugins.
Preloading 0 native plugins for Editor in 0.00 ms.
Unloading 1825 Unused Serialized files (Serialized files now loaded: 0)
System memory in use before: 88.4 MB.
System memory in use after: 88.4 MB.

Unloading 14 unused Assets to reduce memory usage. Loaded Objects now: 2305.
Total: 2.156600 ms (FindLiveObjects: 0.222800 ms CreateObjectMapping: 0.049400 ms MarkObjects: 1.782200 ms  DeleteObjects: 0.101200 ms)

========================================================================
Received Prepare
Registering precompiled user dll's ...
Registered in 0.002056 seconds.
Begin MonoManager ReloadAssembly
Native extension for WindowsStandalone target not found
Native extension for WebGL target not found
Refreshing native plugins compatible for Editor in 0.39 ms, found 1 plugins.
Preloading 0 native plugins for Editor in 0.00 ms.
Invoked RoslynAnalysisRunner static constructor.
RoslynAnalysisRunner will not be running.
RoslynAnalysisRunner has terminated.
Mono: successfully reloaded assembly
- Completed reload, in  0.662 seconds
Platform modules already initialized, skipping
Refreshing native plugins compatible for Editor in 0.38 ms, found 1 plugins.
Preloading 0 native plugins for Editor in 0.00 ms.
Unloading 1825 Unused Serialized files (Serialized files now loaded: 0)
System memory in use before: 88.4 MB.
System memory in use after: 88.4 MB.

Unloading 14 unused Assets to reduce memory usage. Loaded Objects now: 2309.
Total: 1.752500 ms (FindLiveObjects: 0.206400 ms CreateObjectMapping: 0.048300 ms MarkObjects: 1.403700 ms  DeleteObjects: 0.093200 ms)

========================================================================
Received Prepare
Registering precompiled user dll's ...
Registered in 0.002146 seconds.
Begin MonoManager ReloadAssembly
Native extension for WindowsStandalone target not found
Native extension for WebGL target not found
Refreshing native plugins compatible for Editor in 0.39 ms, found 1 plugins.
Preloading 0 native plugins for Editor in 0.00 ms.
Invoked RoslynAnalysisRunner static constructor.
RoslynAnalysisRunner will not be running.
RoslynAnalysisRunner has terminated.
Mono: successfully reloaded assembly
- Completed reload, in  0.667 seconds
Platform modules already initialized, skipping
Refreshing native plugins compatible for Editor in 0.34 ms, found 1 plugins.
Preloading 0 native plugins for Editor in 0.00 ms.
Unloading 1825 Unused Serialized files (Serialized files now loaded: 0)
System memory in use before: 88.4 MB.
System memory in use after: 88.4 MB.

Unloading 14 unused Assets to reduce memory usage. Loaded Objects now: 2313.
Total: 2.151100 ms (FindLiveObjects: 0.213900 ms CreateObjectMapping: 0.048100 ms MarkObjects: 1.790100 ms  DeleteObjects: 0.098000 ms)

========================================================================
Received Import Request.
  Time since last request: 935.752019 seconds.
  path: Assets/Scripts/PlayerController.cs
  artifactKey: Guid(3e468b68f424ca94f855edb7795044f4) Importer(815301076,1909f56bfc062723c751e8b465ee728b)
Start importing Assets/Scripts/PlayerController.cs using Guid(3e468b68f424ca94f855edb7795044f4) Importer(815301076,1909f56bfc062723c751e8b465ee728b)  -> (artifact id: '63be396534f6f0b598285b6b9a08b96c') in 0.005250 seconds
  Import took 0.008203 seconds .

========================================================================
Received Import Request.
  Time since last request: 0.020136 seconds.
  path: Assets/Scripts/PlayerController.cs
  artifactKey: Guid(3e468b68f424ca94f855edb7795044f4) Importer(815301076,1909f56bfc062723c751e8b465ee728b)
Start importing Assets/Scripts/PlayerController.cs using Guid(3e468b68f424ca94f855edb7795044f4) Importer(815301076,1909f56bfc062723c751e8b465ee728b)  -> (artifact id: '63be396534f6f0b598285b6b9a08b96c') in 0.002563 seconds
  Import took 0.005144 seconds .

========================================================================
Received Prepare
Registering precompiled user dll's ...
Registered in 0.002226 seconds.
Begin MonoManager ReloadAssembly
Native extension for WindowsStandalone target not found
Native extension for WebGL target not found
Refreshing native plugins compatible for Editor in 0.39 ms, found 1 plugins.
Preloading 0 native plugins for Editor in 0.00 ms.
Invoked RoslynAnalysisRunner static constructor.
RoslynAnalysisRunner will not be running.
RoslynAnalysisRunner has terminated.
Mono: successfully reloaded assembly
- Completed reload, in  0.669 seconds
Platform modules already initialized, skipping
Refreshing native plugins compatible for Editor in 0.36 ms, found 1 plugins.
Preloading 0 native plugins for Editor in 0.00 ms.
Unloading 1825 Unused Serialized files (Serialized files now loaded: 0)
System memory in use before: 88.4 MB.
System memory in use after: 88.4 MB.

Unloading 14 unused Assets to reduce memory usage. Loaded Objects now: 2317.
Total: 1.869000 ms (FindLiveObjects: 0.182300 ms CreateObjectMapping: 0.040300 ms MarkObjects: 1.533200 ms  DeleteObjects: 0.112500 ms)

========================================================================
Received Prepare
Registering precompiled user dll's ...
Registered in 0.002008 seconds.
Begin MonoManager ReloadAssembly
Native extension for WindowsStandalone target not found
Native extension for WebGL target not found
Refreshing native plugins compatible for Editor in 0.39 ms, found 1 plugins.
Preloading 0 native plugins for Editor in 0.00 ms.
Invoked RoslynAnalysisRunner static constructor.
RoslynAnalysisRunner will not be running.
RoslynAnalysisRunner has terminated.
Mono: successfully reloaded assembly
- Completed reload, in  0.665 seconds
Platform modules already initialized, skipping
Refreshing native plugins compatible for Editor in 0.39 ms, found 1 plugins.
Preloading 0 native plugins for Editor in 0.00 ms.
Unloading 1825 Unused Serialized files (Serialized files now loaded: 0)
System memory in use before: 88.4 MB.
System memory in use after: 88.4 MB.

Unloading 14 unused Assets to reduce memory usage. Loaded Objects now: 2321.
Total: 1.876600 ms (FindLiveObjects: 0.232800 ms CreateObjectMapping: 0.052100 ms MarkObjects: 1.494500 ms  DeleteObjects: 0.096400 ms)

========================================================================
Received Prepare
Registering precompiled user dll's ...
Registered in 0.002190 seconds.
Begin MonoManager ReloadAssembly
Native extension for WindowsStandalone target not found
Native extension for WebGL target not found
Refreshing native plugins compatible for Editor in 0.42 ms, found 1 plugins.
Preloading 0 native plugins for Editor in 0.00 ms.
Invoked RoslynAnalysisRunner static constructor.
RoslynAnalysisRunner will not be running.
RoslynAnalysisRunner has terminated.
Mono: successfully reloaded assembly
- Completed reload, in  0.660 seconds
Platform modules already initialized, skipping
Refreshing native plugins compatible for Editor in 0.38 ms, found 1 plugins.
Preloading 0 native plugins for Editor in 0.00 ms.
Unloading 1825 Unused Serialized files (Serialized files now loaded: 0)
System memory in use before: 88.5 MB.
System memory in use after: 88.4 MB.

Unloading 14 unused Assets to reduce memory usage. Loaded Objects now: 2325.
Total: 2.181000 ms (FindLiveObjects: 0.193200 ms CreateObjectMapping: 0.046400 ms MarkObjects: 1.841000 ms  DeleteObjects: 0.099400 ms)

========================================================================
Received Prepare
Registering precompiled user dll's ...
Registered in 0.001976 seconds.
Begin MonoManager ReloadAssembly
Native extension for WindowsStandalone target not found
Native extension for WebGL target not found
Refreshing native plugins compatible for Editor in 0.39 ms, found 1 plugins.
Preloading 0 native plugins for Editor in 0.00 ms.
Invoked RoslynAnalysisRunner static constructor.
RoslynAnalysisRunner will not be running.
RoslynAnalysisRunner has terminated.
Mono: successfully reloaded assembly
- Completed reload, in  0.656 seconds
Platform modules already initialized, skipping
Refreshing native plugins compatible for Editor in 0.40 ms, found 1 plugins.
Preloading 0 native plugins for Editor in 0.00 ms.
Unloading 1825 Unused Serialized files (Serialized files now loaded: 0)
System memory in use before: 88.5 MB.
System memory in use after: 88.4 MB.

Unloading 14 unused Assets to reduce memory usage. Loaded Objects now: 2329.
Total: 2.008100 ms (FindLiveObjects: 0.207000 ms CreateObjectMapping: 0.041500 ms MarkObjects: 1.656700 ms  DeleteObjects: 0.102000 ms)

========================================================================
Received Import Request.
  Time since last request: 531.740832 seconds.
  path: Assets/Scripts/MoveGimmck.cs
  artifactKey: Guid(9df2e5ce1ccef754b9bc593d954ef4fc) Importer(815301076,1909f56bfc062723c751e8b465ee728b)
Start importing Assets/Scripts/MoveGimmck.cs using Guid(9df2e5ce1ccef754b9bc593d954ef4fc) Importer(815301076,1909f56bfc062723c751e8b465ee728b)  -> (artifact id: 'eb09d20cad79be53c043198abe549982') in 0.005065 seconds
  Import took 0.007879 seconds .

========================================================================
Received Prepare
Registering precompiled user dll's ...
Registered in 0.002079 seconds.
Begin MonoManager ReloadAssembly
Native extension for WindowsStandalone target not found
Native extension for WebGL target not found
Refreshing native plugins compatible for Editor in 0.38 ms, found 1 plugins.
Preloading 0 native plugins for Editor in 0.00 ms.
Invoked RoslynAnalysisRunner static constructor.
RoslynAnalysisRunner will not be running.
RoslynAnalysisRunner has terminated.
Mono: successfully reloaded assembly
- Completed reload, in  0.657 seconds
Platform modules already initialized, skipping
Refreshing native plugins compatible for Editor in 0.46 ms, found 1 plugins.
Preloading 0 native plugins for Editor in 0.00 ms.
Unloading 1825 Unused Serialized files (Serialized files now loaded: 0)
System memory in use before: 88.5 MB.
System memory in use after: 88.4 MB.

Unloading 14 unused Assets to reduce memory usage. Loaded Objects now: 2333.
Total: 2.145500 ms (FindLiveObjects: 0.182500 ms CreateObjectMapping: 0.046100 ms MarkObjects: 1.808500 ms  DeleteObjects: 0.107200 ms)

========================================================================
Received Import Request.
  Time since last request: 91.292812 seconds.
  path: Assets/Scripts/MoveGimmck.cs
  artifactKey: Guid(9df2e5ce1ccef754b9bc593d954ef4fc) Importer(815301076,1909f56bfc062723c751e8b465ee728b)
Start importing Assets/Scripts/MoveGimmck.cs using Guid(9df2e5ce1ccef754b9bc593d954ef4fc) Importer(815301076,1909f56bfc062723c751e8b465ee728b)  -> (artifact id: 'af35cb4b240830551db53f025bc2fa4a') in 0.004850 seconds
  Import took 0.007349 seconds .

========================================================================
Received Prepare
Registering precompiled user dll's ...
Registered in 0.001905 seconds.
Begin MonoManager ReloadAssembly
Native extension for WindowsStandalone target not found
Native extension for WebGL target not found
Refreshing native plugins compatible for Editor in 0.40 ms, found 1 plugins.
Preloading 0 native plugins for Editor in 0.00 ms.
Invoked RoslynAnalysisRunner static constructor.
RoslynAnalysisRunner will not be running.
RoslynAnalysisRunner has terminated.
Mono: successfully reloaded assembly
- Completed reload, in  0.670 seconds
Platform modules already initialized, skipping
Refreshing native plugins compatible for Editor in 0.40 ms, found 1 plugins.
Preloading 0 native plugins for Editor in 0.00 ms.
Unloading 1825 Unused Serialized files (Serialized files now loaded: 0)
System memory in use before: 88.5 MB.
System memory in use after: 88.5 MB.

Unloading 14 unused Assets to reduce memory usage. Loaded Objects now: 2337.
Total: 2.139000 ms (FindLiveObjects: 0.206600 ms CreateObjectMapping: 0.046600 ms MarkObjects: 1.791200 ms  DeleteObjects: 0.093600 ms)

========================================================================
Received Prepare
Registering precompiled user dll's ...
Registered in 0.002107 seconds.
Begin MonoManager ReloadAssembly
Native extension for WindowsStandalone target not found
Native extension for WebGL target not found
Refreshing native plugins compatible for Editor in 0.39 ms, found 1 plugins.
Preloading 0 native plugins for Editor in 0.00 ms.
Invoked RoslynAnalysisRunner static constructor.
RoslynAnalysisRunner will not be running.
RoslynAnalysisRunner has terminated.
Mono: successfully reloaded assembly
- Completed reload, in  0.666 seconds
Platform modules already initialized, skipping
Refreshing native plugins compatible for Editor in 0.33 ms, found 1 plugins.
Preloading 0 native plugins for Editor in 0.00 ms.
Unloading 1825 Unused Serialized files (Serialized files now loaded: 0)
System memory in use before: 88.5 MB.
System memory in use after: 88.5 MB.

Unloading 14 unused Assets to reduce memory usage. Loaded Objects now: 2341.
Total: 2.150600 ms (FindLiveObjects: 0.204600 ms CreateObjectMapping: 0.049400 ms MarkObjects: 1.795400 ms  DeleteObjects: 0.100100 ms)

========================================================================
Received Prepare
Registering precompiled user dll's ...
Registered in 0.001884 seconds.
Begin MonoManager ReloadAssembly
Native extension for WindowsStandalone target not found
Native extension for WebGL target not found
Refreshing native plugins compatible for Editor in 0.39 ms, found 1 plugins.
Preloading 0 native plugins for Editor in 0.00 ms.
Invoked RoslynAnalysisRunner static constructor.
RoslynAnalysisRunner will not be running.
RoslynAnalysisRunner has terminated.
Mono: successfully reloaded assembly
- Completed reload, in  0.665 seconds
Platform modules already initialized, skipping
Refreshing native plugins compatible for Editor in 0.35 ms, found 1 plugins.
Preloading 0 native plugins for Editor in 0.00 ms.
Unloading 1825 Unused Serialized files (Serialized files now loaded: 0)
System memory in use before: 88.5 MB.
System memory in use after: 88.5 MB.

Unloading 14 unused Assets to reduce memory usage. Loaded Objects now: 2345.
Total: 1.923600 ms (FindLiveObjects: 0.192600 ms CreateObjectMapping: 0.041500 ms MarkObjects: 1.569600 ms  DeleteObjects: 0.119200 ms)

========================================================================
Received Prepare
Registering precompiled user dll's ...
Registered in 0.001906 seconds.
Begin MonoManager ReloadAssembly
Native extension for WindowsStandalone target not found
Native extension for WebGL target not found
Refreshing native plugins compatible for Editor in 0.38 ms, found 1 plugins.
Preloading 0 native plugins for Editor in 0.00 ms.
Invoked RoslynAnalysisRunner static constructor.
RoslynAnalysisRunner will not be running.
RoslynAnalysisRunner has terminated.
Mono: successfully reloaded assembly
- Completed reload, in  0.662 seconds
Platform modules already initialized, skipping
Refreshing native plugins compatible for Editor in 0.37 ms, found 1 plugins.
Preloading 0 native plugins for Editor in 0.00 ms.
Unloading 1825 Unused Serialized files (Serialized files now loaded: 0)
System memory in use before: 88.5 MB.
System memory in use after: 88.5 MB.

Unloading 14 unused Assets to reduce memory usage. Loaded Objects now: 2349.
Total: 1.905300 ms (FindLiveObjects: 0.208500 ms CreateObjectMapping: 0.046300 ms MarkObjects: 1.541900 ms  DeleteObjects: 0.107600 ms)

========================================================================
Received Prepare
Registering precompiled user dll's ...
Registered in 0.002003 seconds.
Begin MonoManager ReloadAssembly
Native extension for WindowsStandalone target not found
Native extension for WebGL target not found
Refreshing native plugins compatible for Editor in 0.39 ms, found 1 plugins.
Preloading 0 native plugins for Editor in 0.00 ms.
Invoked RoslynAnalysisRunner static constructor.
RoslynAnalysisRunner will not be running.
RoslynAnalysisRunner has terminated.
Mono: successfully reloaded assembly
- Completed reload, in  0.660 seconds
Platform modules already initialized, skipping
Refreshing native plugins compatible for Editor in 0.37 ms, found 1 plugins.
Preloading 0 native plugins for Editor in 0.00 ms.
Unloading 1825 Unused Serialized files (Serialized files now loaded: 0)
System memory in use before: 88.5 MB.
System memory in use after: 88.5 MB.

Unloading 14 unused Assets to reduce memory usage. Loaded Objects now: 2353.
Total: 2.261100 ms (FindLiveObjects: 0.191800 ms CreateObjectMapping: 0.041400 ms MarkObjects: 1.917000 ms  DeleteObjects: 0.109500 ms)

========================================================================
Received Prepare
Registering precompiled user dll's ...
Registered in 0.001895 seconds.
Begin MonoManager ReloadAssembly
Native extension for WindowsStandalone target not found
Native extension for WebGL target not found
Refreshing native plugins compatible for Editor in 0.39 ms, found 1 plugins.
Preloading 0 native plugins for Editor in 0.00 ms.
Invoked RoslynAnalysisRunner static constructor.
RoslynAnalysisRunner will not be running.
RoslynAnalysisRunner has terminated.
Mono: successfully reloaded assembly
- Completed reload, in  0.667 seconds
Platform modules already initialized, skipping
Refreshing native plugins compatible for Editor in 0.41 ms, found 1 plugins.
Preloading 0 native plugins for Editor in 0.00 ms.
Unloading 1825 Unused Serialized files (Serialized files now loaded: 0)
System memory in use before: 88.5 MB.
System memory in use after: 88.5 MB.

Unloading 14 unused Assets to reduce memory usage. Loaded Objects now: 2357.
Total: 2.247100 ms (FindLiveObjects: 0.204000 ms CreateObjectMapping: 0.040900 ms MarkObjects: 1.884600 ms  DeleteObjects: 0.116700 ms)

========================================================================
Received Prepare
Registering precompiled user dll's ...
Registered in 0.001939 seconds.
Begin MonoManager ReloadAssembly
Native extension for WindowsStandalone target not found
Native extension for WebGL target not found
Refreshing native plugins compatible for Editor in 0.39 ms, found 1 plugins.
Preloading 0 native plugins for Editor in 0.00 ms.
Invoked RoslynAnalysisRunner static constructor.
RoslynAnalysisRunner will not be running.
RoslynAnalysisRunner has terminated.
Mono: successfully reloaded assembly
- Completed reload, in  0.668 seconds
Platform modules already initialized, skipping
Refreshing native plugins compatible for Editor in 0.40 ms, found 1 plugins.
Preloading 0 native plugins for Editor in 0.00 ms.
Unloading 1825 Unused Serialized files (Serialized files now loaded: 0)
System memory in use before: 88.5 MB.
System memory in use after: 88.5 MB.

Unloading 14 unused Assets to reduce memory usage. Loaded Objects now: 2361.
Total: 2.005400 ms (FindLiveObjects: 0.363300 ms CreateObjectMapping: 0.062600 ms MarkObjects: 1.469500 ms  DeleteObjects: 0.109200 ms)

========================================================================
Received Import Request.
  Time since last request: 534.151615 seconds.
  path: Assets/Scripts/GameManager.cs
  artifactKey: Guid(51487d40e0f69ec4a8e1584328bf00e2) Importer(815301076,1909f56bfc062723c751e8b465ee728b)
Start importing Assets/Scripts/GameManager.cs using Guid(51487d40e0f69ec4a8e1584328bf00e2) Importer(815301076,1909f56bfc062723c751e8b465ee728b)  -> (artifact id: '8601ae2637fd59ab2fcab94c1d724da0') in 0.005260 seconds
  Import took 0.008032 seconds .

========================================================================
Received Import Request.
  Time since last request: 0.022890 seconds.
  path: Assets/Scripts/GameManager.cs
  artifactKey: Guid(51487d40e0f69ec4a8e1584328bf00e2) Importer(815301076,1909f56bfc062723c751e8b465ee728b)
Start importing Assets/Scripts/GameManager.cs using Guid(51487d40e0f69ec4a8e1584328bf00e2) Importer(815301076,1909f56bfc062723c751e8b465ee728b)  -> (artifact id: '8601ae2637fd59ab2fcab94c1d724da0') in 0.002593 seconds
  Import took 0.005243 seconds .

========================================================================
Received Prepare
Registering precompiled user dll's ...
Registered in 0.001896 seconds.
Begin MonoManager ReloadAssembly
Native extension for WindowsStandalone target not found
Native extension for WebGL target not found
Refreshing native plugins compatible for Editor in 0.40 ms, found 1 plugins.
Preloading 0 native plugins for Editor in 0.00 ms.
Invoked RoslynAnalysisRunner static constructor.
RoslynAnalysisRunner will not be running.
RoslynAnalysisRunner has terminated.
Mono: successfully reloaded assembly
- Completed reload, in  0.663 seconds
Platform modules already initialized, skipping
Refreshing native plugins compatible for Editor in 0.39 ms, found 1 plugins.
Preloading 0 native plugins for Editor in 0.00 ms.
Unloading 1825 Unused Serialized files (Serialized files now loaded: 0)
System memory in use before: 88.5 MB.
System memory in use after: 88.5 MB.

Unloading 14 unused Assets to reduce memory usage. Loaded Objects now: 2365.
Total: 1.816800 ms (FindLiveObjects: 0.239100 ms CreateObjectMapping: 0.041400 ms MarkObjects: 1.428000 ms  DeleteObjects: 0.107100 ms)

========================================================================
Received Prepare
Registering precompiled user dll's ...
Registered in 0.001933 seconds.
Begin MonoManager ReloadAssembly
Native extension for WindowsStandalone target not found
Native extension for WebGL target not found
Refreshing native plugins compatible for Editor in 0.38 ms, found 1 plugins.
Preloading 0 native plugins for Editor in 0.00 ms.
Invoked RoslynAnalysisRunner static constructor.
RoslynAnalysisRunner will not be running.
RoslynAnalysisRunner has terminated.
Mono: successfully reloaded assembly
- Completed reload, in  0.666 seconds
Platform modules already initialized, skipping
Refreshing native plugins compatible for Editor in 0.41 ms, found 1 plugins.
Preloading 0 native plugins for Editor in 0.00 ms.
Unloading 1825 Unused Serialized files (Serialized files now loaded: 0)
System memory in use before: 88.5 MB.
System memory in use after: 88.5 MB.

Unloading 14 unused Assets to reduce memory usage. Loaded Objects now: 2369.
Total: 2.007900 ms (FindLiveObjects: 0.297000 ms CreateObjectMapping: 0.050300 ms MarkObjects: 1.479800 ms  DeleteObjects: 0.179900 ms)

========================================================================
Received Prepare
Registering precompiled user dll's ...
Registered in 0.002063 seconds.
Begin MonoManager ReloadAssembly
Native extension for WindowsStandalone target not found
Native extension for WebGL target not found
Refreshing native plugins compatible for Editor in 0.40 ms, found 1 plugins.
Preloading 0 native plugins for Editor in 0.00 ms.
Invoked RoslynAnalysisRunner static constructor.
RoslynAnalysisRunner will not be running.
RoslynAnalysisRunner has terminated.
Mono: successfully reloaded assembly
- Completed reload, in  0.675 seconds
Platform modules already initialized, skipping
Refreshing native plugins compatible for Editor in 0.39 ms, found 1 plugins.
Preloading 0 native plugins for Editor in 0.00 ms.
Unloading 1825 Unused Serialized files (Serialized files now loaded: 0)
System memory in use before: 88.6 MB.
System memory in use after: 88.5 MB.

Unloading 14 unused Assets to reduce memory usage. Loaded Objects now: 2373.
Total: 1.818500 ms (FindLiveObjects: 0.212600 ms CreateObjectMapping: 0.048700 ms MarkObjects: 1.454700 ms  DeleteObjects: 0.101500 ms)

========================================================================
Received Prepare
Registering precompiled user dll's ...
Registered in 0.001940 seconds.
Begin MonoManager ReloadAssembly
Native extension for WindowsStandalone target not found
Native extension for WebGL target not found
Refreshing native plugins compatible for Editor in 0.38 ms, found 1 plugins.
Preloading 0 native plugins for Editor in 0.00 ms.
Invoked RoslynAnalysisRunner static constructor.
RoslynAnalysisRunner will not be running.
RoslynAnalysisRunner has terminated.
Mono: successfully reloaded assembly
- Completed reload, in  0.662 seconds
Platform modules already initialized, skipping
Refreshing native plugins compatible for Editor in 0.39 ms, found 1 plugins.
Preloading 0 native plugins for Editor in 0.00 ms.
Unloading 1825 Unused Serialized files (Serialized files now loaded: 0)
System memory in use before: 88.6 MB.
System memory in use after: 88.5 MB.

Unloading 14 unused Assets to reduce memory usage. Loaded Objects now: 2377.
Total: 2.038100 ms (FindLiveObjects: 0.227800 ms CreateObjectMapping: 0.042800 ms MarkObjects: 1.667000 ms  DeleteObjects: 0.099800 ms)

========================================================================
Received Prepare
Registering precompiled user dll's ...
Registered in 0.001960 seconds.
Begin MonoManager ReloadAssembly
Native extension for WindowsStandalone target not found
Native extension for WebGL target not found
Refreshing native plugins compatible for Editor in 0.45 ms, found 1 plugins.
Preloading 0 native plugins for Editor in 0.00 ms.
Invoked RoslynAnalysisRunner static constructor.
RoslynAnalysisRunner will not be running.
RoslynAnalysisRunner has terminated.
Mono: successfully reloaded assembly
- Completed reload, in  0.657 seconds
Platform modules already initialized, skipping
Refreshing native plugins compatible for Editor in 0.38 ms, found 1 plugins.
Preloading 0 native plugins for Editor in 0.00 ms.
Unloading 1825 Unused Serialized files (Serialized files now loaded: 0)
System memory in use before: 88.6 MB.
System memory in use after: 88.6 MB.

Unloading 14 unused Assets to reduce memory usage. Loaded Objects now: 2381.
Total: 2.020400 ms (FindLiveObjects: 0.186800 ms CreateObjectMapping: 0.040800 ms MarkObjects: 1.695100 ms  DeleteObjects: 0.096700 ms)

========================================================================
Received Prepare
Registering precompiled user dll's ...
Registered in 0.001883 seconds.
Begin MonoManager ReloadAssembly
Native extension for WindowsStandalone target not found
Native extension for WebGL target not found
Refreshing native plugins compatible for Editor in 0.40 ms, found 1 plugins.
Preloading 0 native plugins for Editor in 0.00 ms.
Invoked RoslynAnalysisRunner static constructor.
RoslynAnalysisRunner will not be running.
RoslynAnalysisRunner has terminated.
Mono: successfully reloaded assembly
- Completed reload, in  0.676 seconds
Platform modules already initialized, skipping
Refreshing native plugins compatible for Editor in 0.38 ms, found 1 plugins.
Preloading 0 native plugins for Editor in 0.00 ms.
Unloading 1825 Unused Serialized files (Serialized files now loaded: 0)
System memory in use before: 88.6 MB.
System memory in use after: 88.6 MB.

Unloading 14 unused Assets to reduce memory usage. Loaded Objects now: 2385.
Total: 2.049700 ms (FindLiveObjects: 0.221000 ms CreateObjectMapping: 0.048800 ms MarkObjects: 1.681900 ms  DeleteObjects: 0.097100 ms)

========================================================================
Received Prepare
Registering precompiled user dll's ...
Registered in 0.002017 seconds.
Begin MonoManager ReloadAssembly
Native extension for WindowsStandalone target not found
Native extension for WebGL target not found
Refreshing native plugins compatible for Editor in 0.38 ms, found 1 plugins.
Preloading 0 native plugins for Editor in 0.00 ms.
Invoked RoslynAnalysisRunner static constructor.
RoslynAnalysisRunner will not be running.
RoslynAnalysisRunner has terminated.
Mono: successfully reloaded assembly
- Completed reload, in  0.663 seconds
Platform modules already initialized, skipping
Refreshing native plugins compatible for Editor in 0.37 ms, found 1 plugins.
Preloading 0 native plugins for Editor in 0.00 ms.
Unloading 1825 Unused Serialized files (Serialized files now loaded: 0)
System memory in use before: 88.6 MB.
System memory in use after: 88.6 MB.

Unloading 14 unused Assets to reduce memory usage. Loaded Objects now: 2389.
Total: 2.305000 ms (FindLiveObjects: 0.245000 ms CreateObjectMapping: 0.041600 ms MarkObjects: 1.890900 ms  DeleteObjects: 0.126300 ms)

========================================================================
Received Prepare
Registering precompiled user dll's ...
Registered in 0.002339 seconds.
Begin MonoManager ReloadAssembly
Native extension for WindowsStandalone target not found
Native extension for WebGL target not found
Refreshing native plugins compatible for Editor in 0.39 ms, found 1 plugins.
Preloading 0 native plugins for Editor in 0.00 ms.
Invoked RoslynAnalysisRunner static constructor.
RoslynAnalysisRunner will not be running.
RoslynAnalysisRunner has terminated.
Mono: successfully reloaded assembly
- Completed reload, in  0.672 seconds
Platform modules already initialized, skipping
Refreshing native plugins compatible for Editor in 0.39 ms, found 1 plugins.
Preloading 0 native plugins for Editor in 0.00 ms.
Unloading 1825 Unused Serialized files (Serialized files now loaded: 0)
System memory in use before: 88.6 MB.
System memory in use after: 88.6 MB.

Unloading 14 unused Assets to reduce memory usage. Loaded Objects now: 2393.
Total: 2.258500 ms (FindLiveObjects: 0.216100 ms CreateObjectMapping: 0.048100 ms MarkObjects: 1.869100 ms  DeleteObjects: 0.123700 ms)

========================================================================
Received Prepare
Registering precompiled user dll's ...
Registered in 0.002017 seconds.
Begin MonoManager ReloadAssembly
Native extension for WindowsStandalone target not found
Native extension for WebGL target not found
Refreshing native plugins compatible for Editor in 0.38 ms, found 1 plugins.
Preloading 0 native plugins for Editor in 0.00 ms.
Invoked RoslynAnalysisRunner static constructor.
RoslynAnalysisRunner will not be running.
RoslynAnalysisRunner has terminated.
Mono: successfully reloaded assembly
- Completed reload, in  0.673 seconds
Platform modules already initialized, skipping
Refreshing native plugins compatible for Editor in 0.38 ms, found 1 plugins.
Preloading 0 native plugins for Editor in 0.00 ms.
Unloading 1825 Unused Serialized files (Serialized files now loaded: 0)
System memory in use before: 88.6 MB.
System memory in use after: 88.6 MB.

Unloading 14 unused Assets to reduce memory usage. Loaded Objects now: 2397.
Total: 1.965900 ms (FindLiveObjects: 0.305200 ms CreateObjectMapping: 0.109800 ms MarkObjects: 1.442000 ms  DeleteObjects: 0.107900 ms)

========================================================================
Received Prepare
Registering precompiled user dll's ...
Registered in 0.001946 seconds.
Begin MonoManager ReloadAssembly
Native extension for WindowsStandalone target not found
Native extension for WebGL target not found
Refreshing native plugins compatible for Editor in 0.38 ms, found 1 plugins.
Preloading 0 native plugins for Editor in 0.00 ms.
Invoked RoslynAnalysisRunner static constructor.
RoslynAnalysisRunner will not be running.
RoslynAnalysisRunner has terminated.
Mono: successfully reloaded assembly
- Completed reload, in  0.662 seconds
Platform modules already initialized, skipping
Refreshing native plugins compatible for Editor in 0.41 ms, found 1 plugins.
Preloading 0 native plugins for Editor in 0.00 ms.
Unloading 1825 Unused Serialized files (Serialized files now loaded: 0)
System memory in use before: 88.6 MB.
System memory in use after: 88.6 MB.

Unloading 14 unused Assets to reduce memory usage. Loaded Objects now: 2401.
Total: 2.626200 ms (FindLiveObjects: 0.274000 ms CreateObjectMapping: 0.051100 ms MarkObjects: 2.162600 ms  DeleteObjects: 0.136600 ms)

========================================================================
Received Prepare
Registering precompiled user dll's ...
Registered in 0.001933 seconds.
Begin MonoManager ReloadAssembly
Native extension for WindowsStandalone target not found
Native extension for WebGL target not found
Refreshing native plugins compatible for Editor in 0.37 ms, found 1 plugins.
Preloading 0 native plugins for Editor in 0.00 ms.
Invoked RoslynAnalysisRunner static constructor.
RoslynAnalysisRunner will not be running.
RoslynAnalysisRunner has terminated.
Mono: successfully reloaded assembly
- Completed reload, in  0.669 seconds
Platform modules already initialized, skipping
Refreshing native plugins compatible for Editor in 0.47 ms, found 1 plugins.
Preloading 0 native plugins for Editor in 0.00 ms.
Unloading 1825 Unused Serialized files (Serialized files now loaded: 0)
System memory in use before: 88.6 MB.
System memory in use after: 88.6 MB.

Unloading 14 unused Assets to reduce memory usage. Loaded Objects now: 2405.
Total: 2.125400 ms (FindLiveObjects: 0.247500 ms CreateObjectMapping: 0.050000 ms MarkObjects: 1.725100 ms  DeleteObjects: 0.101500 ms)

========================================================================
Received Prepare
Registering precompiled user dll's ...
Registered in 0.001889 seconds.
Begin MonoManager ReloadAssembly
Native extension for WindowsStandalone target not found
Native extension for WebGL target not found
Refreshing native plugins compatible for Editor in 0.39 ms, found 1 plugins.
Preloading 0 native plugins for Editor in 0.00 ms.
Invoked RoslynAnalysisRunner static constructor.
RoslynAnalysisRunner will not be running.
RoslynAnalysisRunner has terminated.
Mono: successfully reloaded assembly
- Completed reload, in  0.680 seconds
Platform modules already initialized, skipping
Refreshing native plugins compatible for Editor in 0.37 ms, found 1 plugins.
Preloading 0 native plugins for Editor in 0.00 ms.
Unloading 1825 Unused Serialized files (Serialized files now loaded: 0)
System memory in use before: 88.6 MB.
System memory in use after: 88.6 MB.

Unloading 14 unused Assets to reduce memory usage. Loaded Objects now: 2409.
Total: 2.204700 ms (FindLiveObjects: 0.212700 ms CreateObjectMapping: 0.048100 ms MarkObjects: 1.839200 ms  DeleteObjects: 0.103500 ms)

========================================================================
Received Prepare
Registering precompiled user dll's ...
Registered in 0.002241 seconds.
Begin MonoManager ReloadAssembly
Native extension for WindowsStandalone target not found
Native extension for WebGL target not found
Refreshing native plugins compatible for Editor in 0.40 ms, found 1 plugins.
Preloading 0 native plugins for Editor in 0.00 ms.
Invoked RoslynAnalysisRunner static constructor.
RoslynAnalysisRunner will not be running.
RoslynAnalysisRunner has terminated.
Mono: successfully reloaded assembly
- Completed reload, in  0.670 seconds
Platform modules already initialized, skipping
Refreshing native plugins compatible for Editor in 0.32 ms, found 1 plugins.
Preloading 0 native plugins for Editor in 0.00 ms.
Unloading 1825 Unused Serialized files (Serialized files now loaded: 0)
System memory in use before: 88.7 MB.
System memory in use after: 88.6 MB.

Unloading 14 unused Assets to reduce memory usage. Loaded Objects now: 2413.
Total: 1.879100 ms (FindLiveObjects: 0.235100 ms CreateObjectMapping: 0.042800 ms MarkObjects: 1.500400 ms  DeleteObjects: 0.099800 ms)

========================================================================
Received Import Request.
  Time since last request: 1078.402868 seconds.
  path: Assets/Scripts/FadeIOManager.cs
  artifactKey: Guid(75381c226fc52f74a8cab91bb2b345d9) Importer(815301076,1909f56bfc062723c751e8b465ee728b)
Start importing Assets/Scripts/FadeIOManager.cs using Guid(75381c226fc52f74a8cab91bb2b345d9) Importer(815301076,1909f56bfc062723c751e8b465ee728b)  -> (artifact id: '5ba7f902e77077f43352f32efa6a715e') in 0.004944 seconds
  Import took 0.007703 seconds .

========================================================================
Received Prepare
Registering precompiled user dll's ...
Registered in 0.001896 seconds.
Begin MonoManager ReloadAssembly
Native extension for WindowsStandalone target not found
Native extension for WebGL target not found
Refreshing native plugins compatible for Editor in 0.41 ms, found 1 plugins.
Preloading 0 native plugins for Editor in 0.00 ms.
Invoked RoslynAnalysisRunner static constructor.
RoslynAnalysisRunner will not be running.
RoslynAnalysisRunner has terminated.
Mono: successfully reloaded assembly
- Completed reload, in  0.675 seconds
Platform modules already initialized, skipping
Refreshing native plugins compatible for Editor in 0.40 ms, found 1 plugins.
Preloading 0 native plugins for Editor in 0.00 ms.
Unloading 1825 Unused Serialized files (Serialized files now loaded: 0)
System memory in use before: 88.7 MB.
System memory in use after: 88.6 MB.

Unloading 14 unused Assets to reduce memory usage. Loaded Objects now: 2417.
Total: 2.013400 ms (FindLiveObjects: 0.232700 ms CreateObjectMapping: 0.045800 ms MarkObjects: 1.582200 ms  DeleteObjects: 0.151900 ms)

========================================================================
Received Import Request.
  Time since last request: 31.567204 seconds.
  path: Assets/Scripts/CameraManager.cs
  artifactKey: Guid(94e4e7df97567fe4eabab82948c7ab73) Importer(815301076,1909f56bfc062723c751e8b465ee728b)
Start importing Assets/Scripts/CameraManager.cs using Guid(94e4e7df97567fe4eabab82948c7ab73) Importer(815301076,1909f56bfc062723c751e8b465ee728b)  -> (artifact id: 'cdabf30a1eb879cffb2ffff06b8f7917') in 0.006299 seconds
  Import took 0.009137 seconds .

========================================================================
Received Import Request.
  Time since last request: 0.000178 seconds.
  path: Assets/Scripts/ChangeScene.cs
  artifactKey: Guid(159678a027ff7d540b0767661ca3b8ce) Importer(815301076,1909f56bfc062723c751e8b465ee728b)
Start importing Assets/Scripts/ChangeScene.cs using Guid(159678a027ff7d540b0767661ca3b8ce) Importer(815301076,1909f56bfc062723c751e8b465ee728b)  -> (artifact id: '2a3bc38538079b9e7b947f3d4d601dc7') in 0.002436 seconds
  Import took 0.005092 seconds .

========================================================================
Received Prepare
Registering precompiled user dll's ...
Registered in 0.001863 seconds.
Begin MonoManager ReloadAssembly
Native extension for WindowsStandalone target not found
Native extension for WebGL target not found
Refreshing native plugins compatible for Editor in 0.40 ms, found 1 plugins.
Preloading 0 native plugins for Editor in 0.00 ms.
Invoked RoslynAnalysisRunner static constructor.
RoslynAnalysisRunner will not be running.
RoslynAnalysisRunner has terminated.
Mono: successfully reloaded assembly
- Completed reload, in  0.680 seconds
Platform modules already initialized, skipping
Refreshing native plugins compatible for Editor in 0.36 ms, found 1 plugins.
Preloading 0 native plugins for Editor in 0.00 ms.
Unloading 1824 Unused Serialized files (Serialized files now loaded: 0)
System memory in use before: 88.7 MB.
System memory in use after: 88.6 MB.

Unloading 15 unused Assets to reduce memory usage. Loaded Objects now: 2420.
Total: 2.003500 ms (FindLiveObjects: 0.196400 ms CreateObjectMapping: 0.048400 ms MarkObjects: 1.662300 ms  DeleteObjects: 0.095400 ms)

========================================================================
Received Prepare
Registering precompiled user dll's ...
Registered in 0.001869 seconds.
Begin MonoManager ReloadAssembly
Native extension for WindowsStandalone target not found
Native extension for WebGL target not found
Refreshing native plugins compatible for Editor in 0.38 ms, found 1 plugins.
Preloading 0 native plugins for Editor in 0.00 ms.
Invoked RoslynAnalysisRunner static constructor.
RoslynAnalysisRunner will not be running.
RoslynAnalysisRunner has terminated.
Mono: successfully reloaded assembly
- Completed reload, in  0.664 seconds
Platform modules already initialized, skipping
Refreshing native plugins compatible for Editor in 0.38 ms, found 1 plugins.
Preloading 0 native plugins for Editor in 0.00 ms.
Unloading 1824 Unused Serialized files (Serialized files now loaded: 0)
System memory in use before: 88.7 MB.
System memory in use after: 88.6 MB.

Unloading 14 unused Assets to reduce memory usage. Loaded Objects now: 2424.
Total: 1.925100 ms (FindLiveObjects: 0.329000 ms CreateObjectMapping: 0.063600 ms MarkObjects: 1.430500 ms  DeleteObjects: 0.101300 ms)

========================================================================
Received Prepare
Registering precompiled user dll's ...
Registered in 0.002085 seconds.
Begin MonoManager ReloadAssembly
Native extension for WindowsStandalone target not found
Native extension for WebGL target not found
Refreshing native plugins compatible for Editor in 0.38 ms, found 1 plugins.
Preloading 0 native plugins for Editor in 0.00 ms.
Invoked RoslynAnalysisRunner static constructor.
RoslynAnalysisRunner will not be running.
RoslynAnalysisRunner has terminated.
Mono: successfully reloaded assembly
- Completed reload, in  0.660 seconds
Platform modules already initialized, skipping
Refreshing native plugins compatible for Editor in 0.37 ms, found 1 plugins.
Preloading 0 native plugins for Editor in 0.00 ms.
Unloading 1824 Unused Serialized files (Serialized files now loaded: 0)
System memory in use before: 88.7 MB.
System memory in use after: 88.6 MB.

Unloading 14 unused Assets to reduce memory usage. Loaded Objects now: 2428.
Total: 1.796400 ms (FindLiveObjects: 0.208900 ms CreateObjectMapping: 0.042400 ms MarkObjects: 1.443800 ms  DeleteObjects: 0.100400 ms)

========================================================================
Received Prepare
Registering precompiled user dll's ...
Registered in 0.002162 seconds.
Begin MonoManager ReloadAssembly
Native extension for WindowsStandalone target not found
Native extension for WebGL target not found
Refreshing native plugins compatible for Editor in 0.39 ms, found 1 plugins.
Preloading 0 native plugins for Editor in 0.00 ms.
Invoked RoslynAnalysisRunner static constructor.
RoslynAnalysisRunner will not be running.
RoslynAnalysisRunner has terminated.
Mono: successfully reloaded assembly
- Completed reload, in  0.668 seconds
Platform modules already initialized, skipping
Refreshing native plugins compatible for Editor in 0.39 ms, found 1 plugins.
Preloading 0 native plugins for Editor in 0.00 ms.
Unloading 1824 Unused Serialized files (Serialized files now loaded: 0)
System memory in use before: 88.7 MB.
System memory in use after: 88.7 MB.

Unloading 14 unused Assets to reduce memory usage. Loaded Objects now: 2432.
Total: 2.154700 ms (FindLiveObjects: 0.218500 ms CreateObjectMapping: 0.042800 ms MarkObjects: 1.793400 ms  DeleteObjects: 0.099100 ms)

========================================================================
Received Import Request.
  Time since last request: 374.168034 seconds.
  path: Assets/Images/Background/IMG_1356.PNG
  artifactKey: Guid(79b443ff05dd5264386ac6b563399d20) Importer(815301076,1909f56bfc062723c751e8b465ee728b)
Start importing Assets/Images/Background/IMG_1356.PNG using Guid(79b443ff05dd5264386ac6b563399d20) Importer(815301076,1909f56bfc062723c751e8b465ee728b)  -> (artifact id: 'c2ae37fc279f8b47724ac233f6142830') in 0.089718 seconds
  Import took 0.092552 seconds .

========================================================================
Received Import Request.
  Time since last request: 32.296618 seconds.
  path: Assets/Images/Background/IMG_1356.PNG
  artifactKey: Guid(79b443ff05dd5264386ac6b563399d20) Importer(815301076,1909f56bfc062723c751e8b465ee728b)
Start importing Assets/Images/Background/IMG_1356.PNG using Guid(79b443ff05dd5264386ac6b563399d20) Importer(815301076,1909f56bfc062723c751e8b465ee728b)  -> (artifact id: 'e4eeb070511603c73c097289770bce51') in 0.008651 seconds
  Import took 0.011536 seconds .

========================================================================
Received Import Request.
  Time since last request: 30.422666 seconds.
  path: Assets/Images/Background/IMG_1356.PNG
  artifactKey: Guid(79b443ff05dd5264386ac6b563399d20) Importer(815301076,1909f56bfc062723c751e8b465ee728b)
Start importing Assets/Images/Background/IMG_1356.PNG using Guid(79b443ff05dd5264386ac6b563399d20) Importer(815301076,1909f56bfc062723c751e8b465ee728b)  -> (artifact id: '5d8c8cf212e400ef746f6d5f75418089') in 0.021753 seconds
  Import took 0.025465 seconds .

========================================================================
Received Import Request.
  Time since last request: 17.912792 seconds.
  path: Assets/Images/Background/IMG_1356.PNG
  artifactKey: Guid(79b443ff05dd5264386ac6b563399d20) Importer(815301076,1909f56bfc062723c751e8b465ee728b)
Start importing Assets/Images/Background/IMG_1356.PNG using Guid(79b443ff05dd5264386ac6b563399d20) Importer(815301076,1909f56bfc062723c751e8b465ee728b)  -> (artifact id: 'b98383bd6ef81accfcaf63dba5d215fa') in 0.008274 seconds
  Import took 0.011076 seconds .

========================================================================
Received Import Request.
  Time since last request: 16.212638 seconds.
  path: Assets/Images/Background/IMG_1356.PNG
  artifactKey: Guid(79b443ff05dd5264386ac6b563399d20) Importer(815301076,1909f56bfc062723c751e8b465ee728b)
Start importing Assets/Images/Background/IMG_1356.PNG using Guid(79b443ff05dd5264386ac6b563399d20) Importer(815301076,1909f56bfc062723c751e8b465ee728b)  -> (artifact id: 'b289d4b867afb7d153734f58b06da3ff') in 0.008007 seconds
  Import took 0.010896 seconds .

========================================================================
Received Import Request.
  Time since last request: 17.603231 seconds.
  path: Assets/Images/Background/IMG_1356.PNG
  artifactKey: Guid(79b443ff05dd5264386ac6b563399d20) Importer(815301076,1909f56bfc062723c751e8b465ee728b)
Start importing Assets/Images/Background/IMG_1356.PNG using Guid(79b443ff05dd5264386ac6b563399d20) Importer(815301076,1909f56bfc062723c751e8b465ee728b)  -> (artifact id: '76d289e7b9cf4f616f450338af0b93c2') in 0.020293 seconds
  Import took 0.023176 seconds .

========================================================================
Received Import Request.
  Time since last request: 0.000669 seconds.
  path: Assets/Images/Background/IMG_1356.PNG
  artifactKey: Guid(79b443ff05dd5264386ac6b563399d20) Importer(815301076,1909f56bfc062723c751e8b465ee728b)
Start importing Assets/Images/Background/IMG_1356.PNG using Guid(79b443ff05dd5264386ac6b563399d20) Importer(815301076,1909f56bfc062723c751e8b465ee728b)  -> (artifact id: '76d289e7b9cf4f616f450338af0b93c2') in 0.007631 seconds
  Import took 0.010402 seconds .

========================================================================
Received Import Request.
  Time since last request: 7.910426 seconds.
  path: Assets/Images/Background/IMG_1356.PNG
  artifactKey: Guid(79b443ff05dd5264386ac6b563399d20) Importer(815301076,1909f56bfc062723c751e8b465ee728b)
Start importing Assets/Images/Background/IMG_1356.PNG using Guid(79b443ff05dd5264386ac6b563399d20) Importer(815301076,1909f56bfc062723c751e8b465ee728b)  -> (artifact id: '8d3be7a3cfc73be5ed568de17216ac75') in 0.008706 seconds
  Import took 0.011616 seconds .

========================================================================
Received Import Request.
  Time since last request: 11.847342 seconds.
  path: Assets/Images/Background/IMG_1356.PNG
  artifactKey: Guid(79b443ff05dd5264386ac6b563399d20) Importer(815301076,1909f56bfc062723c751e8b465ee728b)
Start importing Assets/Images/Background/IMG_1356.PNG using Guid(79b443ff05dd5264386ac6b563399d20) Importer(815301076,1909f56bfc062723c751e8b465ee728b)  -> (artifact id: '97d03c1a95f0d03a7ada769e6f801995') in 0.007956 seconds
  Import took 0.010790 seconds .

========================================================================
Received Import Request.
  Time since last request: 7.170768 seconds.
  path: Assets/Images/Background/IMG_1356.PNG
  artifactKey: Guid(79b443ff05dd5264386ac6b563399d20) Importer(815301076,1909f56bfc062723c751e8b465ee728b)
Start importing Assets/Images/Background/IMG_1356.PNG using Guid(79b443ff05dd5264386ac6b563399d20) Importer(815301076,1909f56bfc062723c751e8b465ee728b)  -> (artifact id: '5104803521649bca209842ee56cd439b') in 0.007899 seconds
  Import took 0.010750 seconds .

========================================================================
Received Import Request.
  Time since last request: 6.574625 seconds.
  path: Assets/Images/Background/IMG_1356.PNG
  artifactKey: Guid(79b443ff05dd5264386ac6b563399d20) Importer(815301076,1909f56bfc062723c751e8b465ee728b)
Start importing Assets/Images/Background/IMG_1356.PNG using Guid(79b443ff05dd5264386ac6b563399d20) Importer(815301076,1909f56bfc062723c751e8b465ee728b)  -> (artifact id: '8175d432ecc1a78c8806ca4f394a48d2') in 0.025045 seconds
  Import took 0.028030 seconds .

========================================================================
Received Import Request.
  Time since last request: 4.938278 seconds.
  path: Assets/Images/Background/IMG_1356.PNG
  artifactKey: Guid(79b443ff05dd5264386ac6b563399d20) Importer(815301076,1909f56bfc062723c751e8b465ee728b)
Start importing Assets/Images/Background/IMG_1356.PNG using Guid(79b443ff05dd5264386ac6b563399d20) Importer(815301076,1909f56bfc062723c751e8b465ee728b)  -> (artifact id: '497baa1167174da231b2c1dbddf4e249') in 0.007529 seconds
  Import took 0.010379 seconds .

========================================================================
Received Import Request.
  Time since last request: 0.003864 seconds.
  path: Assets/Images/Background/IMG_1356.PNG
  artifactKey: Guid(79b443ff05dd5264386ac6b563399d20) Importer(815301076,1909f56bfc062723c751e8b465ee728b)
Start importing Assets/Images/Background/IMG_1356.PNG using Guid(79b443ff05dd5264386ac6b563399d20) Importer(815301076,1909f56bfc062723c751e8b465ee728b)  -> (artifact id: '497baa1167174da231b2c1dbddf4e249') in 0.008028 seconds
  Import took 0.010595 seconds .

========================================================================
Received Import Request.
  Time since last request: 4.280588 seconds.
  path: Assets/Images/Background/IMG_1356.PNG
  artifactKey: Guid(79b443ff05dd5264386ac6b563399d20) Importer(815301076,1909f56bfc062723c751e8b465ee728b)
Start importing Assets/Images/Background/IMG_1356.PNG using Guid(79b443ff05dd5264386ac6b563399d20) Importer(815301076,1909f56bfc062723c751e8b465ee728b)  -> (artifact id: 'dbce47252692347a3855ea8c2a2bcc5a') in 0.008263 seconds
  Import took 0.011213 seconds .

========================================================================
Received Import Request.
  Time since last request: 0.002437 seconds.
  path: Assets/Images/Background/IMG_1356.PNG
  artifactKey: Guid(79b443ff05dd5264386ac6b563399d20) Importer(815301076,1909f56bfc062723c751e8b465ee728b)
Start importing Assets/Images/Background/IMG_1356.PNG using Guid(79b443ff05dd5264386ac6b563399d20) Importer(815301076,1909f56bfc062723c751e8b465ee728b)  -> (artifact id: 'dbce47252692347a3855ea8c2a2bcc5a') in 0.008188 seconds
  Import took 0.010980 seconds .

========================================================================
Received Import Request.
  Time since last request: 4.651322 seconds.
  path: Assets/Images/Background/IMG_1356.PNG
  artifactKey: Guid(79b443ff05dd5264386ac6b563399d20) Importer(815301076,1909f56bfc062723c751e8b465ee728b)
Start importing Assets/Images/Background/IMG_1356.PNG using Guid(79b443ff05dd5264386ac6b563399d20) Importer(815301076,1909f56bfc062723c751e8b465ee728b)  -> (artifact id: '8a9221ea73826a2c5daf298cb39bf35d') in 0.007727 seconds
  Import took 0.010578 seconds .

========================================================================
Received Import Request.
  Time since last request: 0.003817 seconds.
  path: Assets/Images/Background/IMG_1356.PNG
  artifactKey: Guid(79b443ff05dd5264386ac6b563399d20) Importer(815301076,1909f56bfc062723c751e8b465ee728b)
Start importing Assets/Images/Background/IMG_1356.PNG using Guid(79b443ff05dd5264386ac6b563399d20) Importer(815301076,1909f56bfc062723c751e8b465ee728b)  -> (artifact id: '8a9221ea73826a2c5daf298cb39bf35d') in 0.008215 seconds
  Import took 0.011139 seconds .

========================================================================
Received Prepare
Registering precompiled user dll's ...
Registered in 0.001966 seconds.
Begin MonoManager ReloadAssembly
Native extension for WindowsStandalone target not found
Native extension for WebGL target not found
Refreshing native plugins compatible for Editor in 0.39 ms, found 1 plugins.
Preloading 0 native plugins for Editor in 0.00 ms.
Invoked RoslynAnalysisRunner static constructor.
RoslynAnalysisRunner will not be running.
RoslynAnalysisRunner has terminated.
Mono: successfully reloaded assembly
- Completed reload, in  0.677 seconds
Platform modules already initialized, skipping
Refreshing native plugins compatible for Editor in 0.39 ms, found 1 plugins.
Preloading 0 native plugins for Editor in 0.00 ms.
Unloading 1824 Unused Serialized files (Serialized files now loaded: 0)
System memory in use before: 91.8 MB.
System memory in use after: 91.7 MB.

Unloading 14 unused Assets to reduce memory usage. Loaded Objects now: 2442.
Total: 2.140600 ms (FindLiveObjects: 0.224300 ms CreateObjectMapping: 0.047900 ms MarkObjects: 1.764700 ms  DeleteObjects: 0.102800 ms)

========================================================================
Received Prepare
Registering precompiled user dll's ...
Registered in 0.001926 seconds.
Begin MonoManager ReloadAssembly
Native extension for WindowsStandalone target not found
Native extension for WebGL target not found
Refreshing native plugins compatible for Editor in 0.39 ms, found 1 plugins.
Preloading 0 native plugins for Editor in 0.00 ms.
Invoked RoslynAnalysisRunner static constructor.
RoslynAnalysisRunner will not be running.
RoslynAnalysisRunner has terminated.
Mono: successfully reloaded assembly
- Completed reload, in  0.651 seconds
Platform modules already initialized, skipping
Refreshing native plugins compatible for Editor in 0.27 ms, found 1 plugins.
Preloading 0 native plugins for Editor in 0.00 ms.
Unloading 1824 Unused Serialized files (Serialized files now loaded: 0)
System memory in use before: 91.8 MB.
System memory in use after: 91.7 MB.

Unloading 14 unused Assets to reduce memory usage. Loaded Objects now: 2446.
Total: 2.174600 ms (FindLiveObjects: 0.220300 ms CreateObjectMapping: 0.047900 ms MarkObjects: 1.800300 ms  DeleteObjects: 0.105100 ms)

========================================================================
Received Prepare
Registering precompiled user dll's ...
Registered in 0.001783 seconds.
Begin MonoManager ReloadAssembly
Native extension for WindowsStandalone target not found
Native extension for WebGL target not found
Refreshing native plugins compatible for Editor in 0.39 ms, found 1 plugins.
Preloading 0 native plugins for Editor in 0.00 ms.
Invoked RoslynAnalysisRunner static constructor.
RoslynAnalysisRunner will not be running.
RoslynAnalysisRunner has terminated.
Mono: successfully reloaded assembly
- Completed reload, in  0.659 seconds
Platform modules already initialized, skipping
Refreshing native plugins compatible for Editor in 0.40 ms, found 1 plugins.
Preloading 0 native plugins for Editor in 0.00 ms.
Unloading 1824 Unused Serialized files (Serialized files now loaded: 0)
System memory in use before: 91.8 MB.
System memory in use after: 91.8 MB.

Unloading 14 unused Assets to reduce memory usage. Loaded Objects now: 2450.
Total: 2.279400 ms (FindLiveObjects: 0.232800 ms CreateObjectMapping: 0.047100 ms MarkObjects: 1.899200 ms  DeleteObjects: 0.099100 ms)

========================================================================
Received Prepare
Registering precompiled user dll's ...
Registered in 0.002031 seconds.
Begin MonoManager ReloadAssembly
Native extension for WindowsStandalone target not found
Native extension for WebGL target not found
Refreshing native plugins compatible for Editor in 0.38 ms, found 1 plugins.
Preloading 0 native plugins for Editor in 0.00 ms.
Invoked RoslynAnalysisRunner static constructor.
RoslynAnalysisRunner will not be running.
RoslynAnalysisRunner has terminated.
Mono: successfully reloaded assembly
- Completed reload, in  0.879 seconds
Platform modules already initialized, skipping
Refreshing native plugins compatible for Editor in 0.41 ms, found 1 plugins.
Preloading 0 native plugins for Editor in 0.00 ms.
Unloading 1824 Unused Serialized files (Serialized files now loaded: 0)
System memory in use before: 91.8 MB.
System memory in use after: 91.8 MB.

Unloading 14 unused Assets to reduce memory usage. Loaded Objects now: 2454.
Total: 2.269700 ms (FindLiveObjects: 0.244400 ms CreateObjectMapping: 0.044300 ms MarkObjects: 1.862300 ms  DeleteObjects: 0.117600 ms)

========================================================================
Received Prepare
Registering precompiled user dll's ...
Registered in 0.001828 seconds.
Begin MonoManager ReloadAssembly
Native extension for WindowsStandalone target not found
Native extension for WebGL target not found
Refreshing native plugins compatible for Editor in 0.39 ms, found 1 plugins.
Preloading 0 native plugins for Editor in 0.00 ms.
Invoked RoslynAnalysisRunner static constructor.
RoslynAnalysisRunner will not be running.
RoslynAnalysisRunner has terminated.
Mono: successfully reloaded assembly
- Completed reload, in  0.659 seconds
Platform modules already initialized, skipping
Refreshing native plugins compatible for Editor in 0.40 ms, found 1 plugins.
Preloading 0 native plugins for Editor in 0.00 ms.
Unloading 1824 Unused Serialized files (Serialized files now loaded: 0)
System memory in use before: 91.8 MB.
System memory in use after: 91.8 MB.

Unloading 14 unused Assets to reduce memory usage. Loaded Objects now: 2458.
Total: 2.164900 ms (FindLiveObjects: 0.215700 ms CreateObjectMapping: 0.041100 ms MarkObjects: 1.805700 ms  DeleteObjects: 0.101300 ms)

========================================================================
Received Prepare
Registering precompiled user dll's ...
Registered in 0.002048 seconds.
Begin MonoManager ReloadAssembly
Native extension for WindowsStandalone target not found
Native extension for WebGL target not found
Refreshing native plugins compatible for Editor in 0.38 ms, found 1 plugins.
Preloading 0 native plugins for Editor in 0.00 ms.
Invoked RoslynAnalysisRunner static constructor.
RoslynAnalysisRunner will not be running.
RoslynAnalysisRunner has terminated.
Mono: successfully reloaded assembly
- Completed reload, in  0.660 seconds
Platform modules already initialized, skipping
Refreshing native plugins compatible for Editor in 0.37 ms, found 1 plugins.
Preloading 0 native plugins for Editor in 0.00 ms.
Unloading 1824 Unused Serialized files (Serialized files now loaded: 0)
System memory in use before: 91.8 MB.
System memory in use after: 91.8 MB.

Unloading 14 unused Assets to reduce memory usage. Loaded Objects now: 2462.
Total: 2.211900 ms (FindLiveObjects: 0.212600 ms CreateObjectMapping: 0.048200 ms MarkObjects: 1.851700 ms  DeleteObjects: 0.098400 ms)

AssetImportWorkerClient::OnTransportError - code=2 error=End of file
