Using pre-set license
Built from '2020.3/staging' branch; Version is '2020.3.3f1 (76626098c1c4) revision 7758432'; Using compiler version '192528614'; Build Type 'Release'
OS: 'Windows 10 Home; OS build 19042.1320; Version 2009; 64bit' Language: 'ja' Physical Memory: 32700 MB
BatchMode: 1, IsHumanControllingUs: 0, StartBugReporterOnCrash: 0, Is64bit: 1, IsPro: 0

 COMMAND LINE ARGUMENTS:
C:\Program Files\Unity\Hub\Editor\2020.3.3f1\Editor\Unity.exe
-adb2
-batchMode
-noUpm
-name
AssetImportWorker0
-projectPath
D:/Documents/UNITY/220120_PaperAirplane
-logFile
Logs/AssetImportWorker0.log
-srvPort
49621
Successfully changed project path to: D:/Documents/UNITY/220120_PaperAirplane
D:/Documents/UNITY/220120_PaperAirplane
Using Asset Import Pipeline V2.
Refreshing native plugins compatible for Editor in 32.94 ms, found 1 plugins.
Preloading 0 native plugins for Editor in 0.00 ms.
Initialize engine version: 2020.3.3f1 (76626098c1c4)
[Subsystems] Discovering subsystems at path C:/Program Files/Unity/Hub/Editor/2020.3.3f1/Editor/Data/Resources/UnitySubsystems
[Subsystems] Discovering subsystems at path D:/Documents/UNITY/220120_PaperAirplane/Assets
GfxDevice: creating device client; threaded=0
Direct3D:
    Version:  Direct3D 11.0 [level 11.1]
    Renderer: NVIDIA GeForce RTX 2070 SUPER (ID=0x1e84)
    Vendor:   
    VRAM:     8011 MB
    Driver:   27.21.14.5751
Initialize mono
Mono path[0] = 'C:/Program Files/Unity/Hub/Editor/2020.3.3f1/Editor/Data/Managed'
Mono path[1] = 'C:/Program Files/Unity/Hub/Editor/2020.3.3f1/Editor/Data/MonoBleedingEdge/lib/mono/unityjit'
Mono config path = 'C:/Program Files/Unity/Hub/Editor/2020.3.3f1/Editor/Data/MonoBleedingEdge/etc'
Using monoOptions --debugger-agent=transport=dt_socket,embedding=1,server=y,suspend=n,address=127.0.0.1:56988
Begin MonoManager ReloadAssembly
Registering precompiled unity dll's ...
Register platform support module: C:/Program Files/Unity/Hub/Editor/2020.3.3f1/Editor/Data/PlaybackEngines/WebGLSupport/UnityEditor.WebGL.Extensions.dll
Register platform support module: C:/Program Files/Unity/Hub/Editor/2020.3.3f1/Editor/Data/PlaybackEngines/WindowsStandaloneSupport/UnityEditor.WindowsStandalone.Extensions.dll
Registered in 0.002635 seconds.
Native extension for WindowsStandalone target not found
Native extension for WebGL target not found
Refreshing native plugins compatible for Editor in 32.37 ms, found 1 plugins.
Preloading 0 native plugins for Editor in 0.00 ms.
Invoked RoslynAnalysisRunner static constructor.
RoslynAnalysisRunner will not be running.
RoslynAnalysisRunner has terminated.
Mono: successfully reloaded assembly
- Completed reload, in  1.525 seconds
Platform modules already initialized, skipping
Registering precompiled user dll's ...
Registered in 0.002086 seconds.
Begin MonoManager ReloadAssembly
Native extension for WindowsStandalone target not found
Native extension for WebGL target not found
Refreshing native plugins compatible for Editor in 31.97 ms, found 1 plugins.
Preloading 0 native plugins for Editor in 0.00 ms.
Invoked RoslynAnalysisRunner static constructor.
RoslynAnalysisRunner will not be running.
RoslynAnalysisRunner has terminated.
Mono: successfully reloaded assembly
- Completed reload, in  0.778 seconds
Platform modules already initialized, skipping
========================================================================
Worker process is ready to serve import requests
Launched and connected shader compiler UnityShaderCompiler.exe after 0.04 seconds
Refreshing native plugins compatible for Editor in 0.37 ms, found 1 plugins.
Preloading 0 native plugins for Editor in 0.00 ms.
Unloading 1829 Unused Serialized files (Serialized files now loaded: 0)
System memory in use before: 88.3 MB.
System memory in use after: 88.3 MB.

Unloading 26 unused Assets to reduce memory usage. Loaded Objects now: 2276.
Total: 1.887300 ms (FindLiveObjects: 0.228000 ms CreateObjectMapping: 0.042900 ms MarkObjects: 1.486700 ms  DeleteObjects: 0.128500 ms)

========================================================================
Received Import Request.
  path: Assets/Prefabs/Player.prefab
  artifactKey: Guid(4ba3ac365f10d5647b9b580ebff30492) Importer(815301076,1909f56bfc062723c751e8b465ee728b)
Start importing Assets/Prefabs/Player.prefab using Guid(4ba3ac365f10d5647b9b580ebff30492) Importer(815301076,1909f56bfc062723c751e8b465ee728b)  -> (artifact id: '8fe5bb2f8b2a7c977c926de964feb0ae') in 0.084659 seconds
  Import took 0.087641 seconds .

========================================================================
Received Import Request.
  Time since last request: 0.000231 seconds.
  path: Assets/Prefabs/tori_kinomi.prefab
  artifactKey: Guid(b4d90e6faee052142a796c7ba6241ece) Importer(815301076,1909f56bfc062723c751e8b465ee728b)
Start importing Assets/Prefabs/tori_kinomi.prefab using Guid(b4d90e6faee052142a796c7ba6241ece) Importer(815301076,1909f56bfc062723c751e8b465ee728b)  -> (artifact id: '029ca6b4f06f28fa617f196c6875d557') in 0.008005 seconds
  Import took 0.010488 seconds .

========================================================================
Received Import Request.
  Time since last request: 554.005980 seconds.
  path: Assets/Scripts/MoveGimmck.cs
  artifactKey: Guid(9df2e5ce1ccef754b9bc593d954ef4fc) Importer(815301076,1909f56bfc062723c751e8b465ee728b)
Start importing Assets/Scripts/MoveGimmck.cs using Guid(9df2e5ce1ccef754b9bc593d954ef4fc) Importer(815301076,1909f56bfc062723c751e8b465ee728b)  -> (artifact id: '3b1ab520f06463e7262bd1e4943c8ed7') in 0.004089 seconds
  Import took 0.007068 seconds .

========================================================================
Received Import Request.
  Time since last request: 0.001751 seconds.
  path: Assets/Scripts/MoveGimmck.cs
  artifactKey: Guid(9df2e5ce1ccef754b9bc593d954ef4fc) Importer(815301076,1909f56bfc062723c751e8b465ee728b)
Start importing Assets/Scripts/MoveGimmck.cs using Guid(9df2e5ce1ccef754b9bc593d954ef4fc) Importer(815301076,1909f56bfc062723c751e8b465ee728b)  -> (artifact id: '3b1ab520f06463e7262bd1e4943c8ed7') in 0.002263 seconds
  Import took 0.004657 seconds .

========================================================================
Received Import Request.
  Time since last request: 241.853488 seconds.
  path: Assets/Scripts/GameManager.cs
  artifactKey: Guid(51487d40e0f69ec4a8e1584328bf00e2) Importer(815301076,1909f56bfc062723c751e8b465ee728b)
Start importing Assets/Scripts/GameManager.cs using Guid(51487d40e0f69ec4a8e1584328bf00e2) Importer(815301076,1909f56bfc062723c751e8b465ee728b)  -> (artifact id: '5321fc45457961a5c26715eb9e0972c2') in 0.002205 seconds
  Import took 0.004745 seconds .

========================================================================
Received Import Request.
  Time since last request: 6.394331 seconds.
  path: Assets/Scripts/TouchOperation.cs
  artifactKey: Guid(07666f53d5f45bc4f8b9b47e962e02cb) Importer(815301076,1909f56bfc062723c751e8b465ee728b)
Start importing Assets/Scripts/TouchOperation.cs using Guid(07666f53d5f45bc4f8b9b47e962e02cb) Importer(815301076,1909f56bfc062723c751e8b465ee728b)  -> (artifact id: '83f6cafe47608fb25a073fc6d3206ffb') in 0.002225 seconds
  Import took 0.004861 seconds .

========================================================================
Received Prepare
Registering precompiled user dll's ...
Registered in 0.002083 seconds.
Begin MonoManager ReloadAssembly
Native extension for WindowsStandalone target not found
Native extension for WebGL target not found
Refreshing native plugins compatible for Editor in 0.42 ms, found 1 plugins.
Preloading 0 native plugins for Editor in 0.00 ms.
Invoked RoslynAnalysisRunner static constructor.
RoslynAnalysisRunner will not be running.
RoslynAnalysisRunner has terminated.
Mono: successfully reloaded assembly
- Completed reload, in  0.673 seconds
Platform modules already initialized, skipping
Refreshing native plugins compatible for Editor in 0.37 ms, found 1 plugins.
Preloading 0 native plugins for Editor in 0.00 ms.
Unloading 1824 Unused Serialized files (Serialized files now loaded: 0)
System memory in use before: 91.3 MB.
System memory in use after: 91.3 MB.

Unloading 14 unused Assets to reduce memory usage. Loaded Objects now: 2287.
Total: 1.759800 ms (FindLiveObjects: 0.210200 ms CreateObjectMapping: 0.047800 ms MarkObjects: 1.409900 ms  DeleteObjects: 0.091000 ms)

========================================================================
Received Prepare
Registering precompiled user dll's ...
Registered in 0.001915 seconds.
Begin MonoManager ReloadAssembly
Native extension for WindowsStandalone target not found
Native extension for WebGL target not found
Refreshing native plugins compatible for Editor in 0.38 ms, found 1 plugins.
Preloading 0 native plugins for Editor in 0.00 ms.
Invoked RoslynAnalysisRunner static constructor.
RoslynAnalysisRunner will not be running.
RoslynAnalysisRunner has terminated.
Mono: successfully reloaded assembly
- Completed reload, in  0.657 seconds
Platform modules already initialized, skipping
Refreshing native plugins compatible for Editor in 0.36 ms, found 1 plugins.
Preloading 0 native plugins for Editor in 0.00 ms.
Unloading 1824 Unused Serialized files (Serialized files now loaded: 0)
System memory in use before: 91.4 MB.
System memory in use after: 91.4 MB.

Unloading 14 unused Assets to reduce memory usage. Loaded Objects now: 2291.
Total: 1.871600 ms (FindLiveObjects: 0.208700 ms CreateObjectMapping: 0.039900 ms MarkObjects: 1.521500 ms  DeleteObjects: 0.100500 ms)

========================================================================
Received Import Request.
  Time since last request: 124.679741 seconds.
  path: Assets/Scenes/BaseScene.unity
  artifactKey: Guid(88ab0167b9e5b32448185fa21b3ca07b) Importer(815301076,1909f56bfc062723c751e8b465ee728b)
Start importing Assets/Scenes/BaseScene.unity using Guid(88ab0167b9e5b32448185fa21b3ca07b) Importer(815301076,1909f56bfc062723c751e8b465ee728b)  -> (artifact id: 'a170ea940e8ab45332eb99087e4454e2') in 0.010181 seconds
  Import took 0.012780 seconds .

========================================================================
Received Import Request.
  Time since last request: 14.719249 seconds.
  path: Assets/Scenes/Stage1.unity
  artifactKey: Guid(1d4cbed96f6b95241aaae47fd93d2f5f) Importer(815301076,1909f56bfc062723c751e8b465ee728b)
Start importing Assets/Scenes/Stage1.unity using Guid(1d4cbed96f6b95241aaae47fd93d2f5f) Importer(815301076,1909f56bfc062723c751e8b465ee728b)  -> (artifact id: 'f8ecfd78426fd41917626a7d9b0de847') in 0.002834 seconds
  Import took 0.005467 seconds .

========================================================================
Received Prepare
Registering precompiled user dll's ...
Registered in 0.002165 seconds.
Begin MonoManager ReloadAssembly
Native extension for WindowsStandalone target not found
Native extension for WebGL target not found
Refreshing native plugins compatible for Editor in 0.39 ms, found 1 plugins.
Preloading 0 native plugins for Editor in 0.00 ms.
Invoked RoslynAnalysisRunner static constructor.
RoslynAnalysisRunner will not be running.
RoslynAnalysisRunner has terminated.
Mono: successfully reloaded assembly
- Completed reload, in  0.665 seconds
Platform modules already initialized, skipping
Refreshing native plugins compatible for Editor in 0.35 ms, found 1 plugins.
Preloading 0 native plugins for Editor in 0.00 ms.
Unloading 1824 Unused Serialized files (Serialized files now loaded: 0)
System memory in use before: 91.4 MB.
System memory in use after: 91.4 MB.

Unloading 14 unused Assets to reduce memory usage. Loaded Objects now: 2295.
Total: 1.869100 ms (FindLiveObjects: 0.195400 ms CreateObjectMapping: 0.041000 ms MarkObjects: 1.527400 ms  DeleteObjects: 0.104400 ms)

========================================================================
Received Import Request.
  Time since last request: 431.137976 seconds.
  path: Assets/FadeManager/Scripts
  artifactKey: Guid(466692fd10a634cc89b04a37a404d53b) Importer(815301076,1909f56bfc062723c751e8b465ee728b)
Start importing Assets/FadeManager/Scripts using Guid(466692fd10a634cc89b04a37a404d53b) Importer(815301076,1909f56bfc062723c751e8b465ee728b)  -> (artifact id: 'e715a9a79084073a41f6f4603f0604ce') in 0.005332 seconds
  Import took 0.008162 seconds .

========================================================================
Received Prepare
Registering precompiled user dll's ...
Registered in 0.001946 seconds.
Begin MonoManager ReloadAssembly
Native extension for WindowsStandalone target not found
Native extension for WebGL target not found
Refreshing native plugins compatible for Editor in 0.38 ms, found 1 plugins.
Preloading 0 native plugins for Editor in 0.00 ms.
Invoked RoslynAnalysisRunner static constructor.
RoslynAnalysisRunner will not be running.
RoslynAnalysisRunner has terminated.
Mono: successfully reloaded assembly
- Completed reload, in  0.675 seconds
Platform modules already initialized, skipping
Refreshing native plugins compatible for Editor in 0.35 ms, found 1 plugins.
Preloading 0 native plugins for Editor in 0.00 ms.
Unloading 1822 Unused Serialized files (Serialized files now loaded: 0)
System memory in use before: 91.4 MB.
System memory in use after: 91.4 MB.

Unloading 16 unused Assets to reduce memory usage. Loaded Objects now: 2297.
Total: 1.809000 ms (FindLiveObjects: 0.185700 ms CreateObjectMapping: 0.047500 ms MarkObjects: 1.460400 ms  DeleteObjects: 0.114500 ms)

========================================================================
Received Prepare
Registering precompiled user dll's ...
Registered in 0.002067 seconds.
Begin MonoManager ReloadAssembly
Native extension for WindowsStandalone target not found
Native extension for WebGL target not found
Refreshing native plugins compatible for Editor in 0.40 ms, found 1 plugins.
Preloading 0 native plugins for Editor in 0.00 ms.
Invoked RoslynAnalysisRunner static constructor.
RoslynAnalysisRunner will not be running.
RoslynAnalysisRunner has terminated.
Mono: successfully reloaded assembly
- Completed reload, in  0.671 seconds
Platform modules already initialized, skipping
Refreshing native plugins compatible for Editor in 0.38 ms, found 1 plugins.
Preloading 0 native plugins for Editor in 0.00 ms.
Unloading 1822 Unused Serialized files (Serialized files now loaded: 0)
System memory in use before: 91.4 MB.
System memory in use after: 91.4 MB.

Unloading 14 unused Assets to reduce memory usage. Loaded Objects now: 2301.
Total: 1.818200 ms (FindLiveObjects: 0.246000 ms CreateObjectMapping: 0.040800 ms MarkObjects: 1.418900 ms  DeleteObjects: 0.111300 ms)

AssetImportWorkerClient::OnTransportError - code=2 error=End of file
